<?xml version="1.0" encoding="UTF-8"?>
<testng-results skipped="0" failed="0" total="1" passed="1">
  <reporter-output>
  </reporter-output>
  <suite name="Default suite" duration-ms="32931" started-at="2016-07-12T04:49:07Z" finished-at="2016-07-12T04:49:40Z">
    <groups>
    </groups>
    <test name="Default test" duration-ms="32931" started-at="2016-07-12T04:49:07Z" finished-at="2016-07-12T04:49:40Z">
      <class name="Tutorial.TestNG_TestCase">
        <test-method status="PASS" signature="beforeMethod()[pri:0, instance:Tutorial.TestNG_TestCase@68be2bc2]" name="beforeMethod" is-config="true" duration-ms="4820" started-at="2016-07-11T21:49:07Z" finished-at="2016-07-11T21:49:11Z">
          <reporter-output>
          </reporter-output>
        </test-method> <!-- beforeMethod -->
        <test-method status="PASS" signature="testMethod()[pri:0, instance:Tutorial.TestNG_TestCase@68be2bc2]" name="testMethod" duration-ms="28082" started-at="2016-07-11T21:49:11Z" finished-at="2016-07-11T21:49:40Z">
          <reporter-output>
          </reporter-output>
        </test-method> <!-- testMethod -->
        <test-method status="PASS" signature="afterMethod()[pri:0, instance:Tutorial.TestNG_TestCase@68be2bc2]" name="afterMethod" is-config="true" duration-ms="1" started-at="2016-07-11T21:49:40Z" finished-at="2016-07-11T21:49:40Z">
          <reporter-output>
          </reporter-output>
        </test-method> <!-- afterMethod -->
      </class> <!-- Tutorial.TestNG_TestCase -->
    </test> <!-- Default test -->
  </suite> <!-- Default suite -->
</testng-results>
